{
  message: 'Database is connected successfully',
  level: 'info',
  label: 'PH',
  timestamp: '2024-05-11T06:50:01.881Z'
}
{
  message: 'Application app listening on port 5000',
  level: 'info',
  label: 'PH',
  timestamp: '2024-05-11T06:50:01.935Z'
}
{
  message: 'Database is connected successfully',
  level: 'info',
  label: 'PH',
  timestamp: '2024-05-11T06:50:30.144Z'
}
{
  message: 'Application app listening on port 5000',
  level: 'info',
  label: 'PH',
  timestamp: '2024-05-11T06:50:30.179Z'
}
{
  message: 'Database is connected successfully',
  level: 'info',
  label: 'PH',
  timestamp: '2024-05-11T06:50:58.202Z'
}
{
  message: 'Application app listening on port 5000',
  level: 'info',
  label: 'PH',
  timestamp: '2024-05-11T06:50:58.231Z'
}
{
  message: 'Database is connected successfully',
  level: 'info',
  label: 'PH',
  timestamp: '2024-05-11T06:51:16.016Z'
}
{
  message: 'Application app listening on port 5000',
  level: 'info',
  label: 'PH',
  timestamp: '2024-05-11T06:51:16.056Z'
}
