{
  message: 'Database is connected successfully',
  level: 'info',
  label: 'PH',
  timestamp: '2024-05-09T22:07:51.130Z'
}
{
  message: 'Application app listening on port 5000',
  level: 'info',
  label: 'PH',
  timestamp: '2024-05-09T22:07:51.157Z'
}
{
  message: 'Database is connected successfully',
  level: 'info',
  label: 'PH',
  timestamp: '2024-05-09T22:08:05.674Z'
}
{
  message: 'Application app listening on port 5000',
  level: 'info',
  label: 'PH',
  timestamp: '2024-05-09T22:08:05.709Z'
}
{
  message: 'Database is connected successfully',
  level: 'info',
  label: 'PH',
  timestamp: '2024-05-09T22:08:17.757Z'
}
{
  message: 'Application app listening on port 5000',
  level: 'info',
  label: 'PH',
  timestamp: '2024-05-09T22:08:17.797Z'
}
