{
  message: 'Database is connected successfully',
  level: 'info',
  label: 'PH',
  timestamp: '2024-05-08T09:12:49.805Z'
}
{
  message: 'Application app listening on port 5000',
  level: 'info',
  label: 'PH',
  timestamp: '2024-05-08T09:12:49.848Z'
}
{
  message: 'Database is connected successfully',
  level: 'info',
  label: 'PH',
  timestamp: '2024-05-08T09:45:08.214Z'
}
{
  message: 'Application app listening on port 5000',
  level: 'info',
  label: 'PH',
  timestamp: '2024-05-08T09:45:08.227Z'
}
{
  message: 'Database is connected successfully',
  level: 'info',
  label: 'PH',
  timestamp: '2024-05-08T09:45:17.848Z'
}
{
  message: 'Application app listening on port 5000',
  level: 'info',
  label: 'PH',
  timestamp: '2024-05-08T09:45:17.883Z'
}
{
  message: 'Database is connected successfully',
  level: 'info',
  label: 'PH',
  timestamp: '2024-05-08T09:45:33.000Z'
}
{
  message: 'Application app listening on port 5000',
  level: 'info',
  label: 'PH',
  timestamp: '2024-05-08T09:45:33.033Z'
}
{
  message: 'Database is connected successfully',
  level: 'info',
  label: 'PH',
  timestamp: '2024-05-08T09:45:45.293Z'
}
{
  message: 'Application app listening on port 5000',
  level: 'info',
  label: 'PH',
  timestamp: '2024-05-08T09:45:45.318Z'
}
{
  message: 'Database is connected successfully',
  level: 'info',
  label: 'PH',
  timestamp: '2024-05-08T09:46:56.149Z'
}
{
  message: 'Application app listening on port 5000',
  level: 'info',
  label: 'PH',
  timestamp: '2024-05-08T09:46:56.200Z'
}
{
  message: 'Database is connected successfully',
  level: 'info',
  label: 'PH',
  timestamp: '2024-05-08T09:51:10.098Z'
}
{
  message: 'Application app listening on port 5000',
  level: 'info',
  label: 'PH',
  timestamp: '2024-05-08T09:51:10.109Z'
}
{
  message: 'Database is connected successfully',
  level: 'info',
  label: 'PH',
  timestamp: '2024-05-08T09:51:23.213Z'
}
{
  message: 'Application app listening on port 5000',
  level: 'info',
  label: 'PH',
  timestamp: '2024-05-08T09:51:23.249Z'
}
